1730083274757	geckodriver	INFO	Listening on 127.0.0.1:65168
1730083277827	mozrunner::runner	INFO	Running command: "C:\\Program Files\\Mozilla Firefox\\firefox.exe" "--marionette" "--remote-debugging-port" "65169" "--remote-allow-hosts" "localhost" "-no-remote" "-profile" "C:\\Users\\Franco\\AppData\\Local\\Temp\\rust_mozprofile9yf2Lc"
console.warn: services.settings: Ignoring preference override of remote settings server
console.warn: services.settings: Allow by setting MOZ_REMOTE_SETTINGS_DEVTOOLS=1 in the environment
Dynamically enable window occlusion 0
1730083278206	Marionette	INFO	Marionette enabled
1730083278315	Marionette	INFO	Listening on port 65183
WebDriver BiDi listening on ws://127.0.0.1:65169
Read port: 65183
1730083278448	RemoteAgent	WARN	TLS certificate errors will be ignored for this session
1730083283477	Marionette	INFO	Stopped listening on port 65183
Dynamically enable window occlusion 1
1730083932942	geckodriver	INFO	Listening on 127.0.0.1:49247
1730083936010	mozrunner::runner	INFO	Running command: "C:\\Program Files\\Mozilla Firefox\\firefox.exe" "--marionette" "--remote-debugging-port" "49248" "--remote-allow-hosts" "localhost" "-no-remote" "-profile" "C:\\Users\\Franco\\AppData\\Local\\Temp\\rust_mozprofileDFj9LV"
console.warn: services.settings: Ignoring preference override of remote settings server
console.warn: services.settings: Allow by setting MOZ_REMOTE_SETTINGS_DEVTOOLS=1 in the environment
Dynamically enable window occlusion 0
1730083936304	Marionette	INFO	Marionette enabled
1730083936397	Marionette	INFO	Listening on port 49257
WebDriver BiDi listening on ws://127.0.0.1:49248
Read port: 49257
1730083936507	RemoteAgent	WARN	TLS certificate errors will be ignored for this session
1730083947684	Marionette	INFO	Stopped listening on port 49257
Dynamically enable window occlusion 1
1730085787796	geckodriver	INFO	Listening on 127.0.0.1:50452
1730085790835	mozrunner::runner	INFO	Running command: "C:\\Program Files\\Mozilla Firefox\\firefox.exe" "--marionette" "--remote-debugging-port" "50453" "--remote-allow-hosts" "localhost" "-no-remote" "-profile" "C:\\Users\\Franco\\AppData\\Local\\Temp\\rust_mozprofileDSBM8Y"
console.warn: services.settings: Ignoring preference override of remote settings server
console.warn: services.settings: Allow by setting MOZ_REMOTE_SETTINGS_DEVTOOLS=1 in the environment
Dynamically enable window occlusion 0
1730085791208	Marionette	INFO	Marionette enabled
1730085791320	Marionette	INFO	Listening on port 50461
WebDriver BiDi listening on ws://127.0.0.1:50453
Read port: 50461
1730085791453	RemoteAgent	WARN	TLS certificate errors will be ignored for this session
1730085799275	Marionette	INFO	Stopped listening on port 50461
Dynamically enable window occlusion 1
